app/build/outputs/logs/manifest-merger-debug-report.txt
-- Merging decision tree log ---
manifest
ADDED from src/main/AndroidManifest.xml:2:1-157:12
	package
		ADDED from src/main/AndroidManifest.xml:3:5-21
		INJECTED from src/main/AndroidManifest.xml
		INJECTED from src/main/AndroidManifest.xml
	android:versionName
		ADDED from src/main/AndroidManifest.xml:5:5-30
	android:versionCode
		ADDED from src/main/AndroidManifest.xml:4:5-28
		INJECTED from src/main/AndroidManifest.xml
		INJECTED from src/main/AndroidManifest.xml
	xmlns:android
		ADDED from src/main/AndroidManifest.xml:2:11-69
uses-sdk
ADDED from src/main/AndroidManifest.xml:7:5-9:41
MERGED from [com.facebook.android:facebook-android-sdk:4.6.0] AndroidManifest.xml:24:5-26:41
MERGED from [com.android.support:support-v4:22.2.1] AndroidManifest.xml:20:5-43
MERGED from [com.android.support:appcompat-v7:22.0.0] AndroidManifest.xml:20:5-43
MERGED from [com.android.support:support-v4:22.2.1] AndroidManifest.xml:20:5-43
	android:targetSdkVersion
		ADDED from src/main/AndroidManifest.xml:9:9-38
		INJECTED from src/main/AndroidManifest.xml
		INJECTED from src/main/AndroidManifest.xml
	android:minSdkVersion
		ADDED from src/main/AndroidManifest.xml:8:9-34
		INJECTED from src/main/AndroidManifest.xml
		INJECTED from src/main/AndroidManifest.xml
uses-permission#android.permission.INTERNET
ADDED from src/main/AndroidManifest.xml:10:5-66
	android:name
		ADDED from src/main/AndroidManifest.xml:10:22-64
uses-permission#android.permission.WAKE_LOCK
ADDED from src/main/AndroidManifest.xml:11:5-67
	android:name
		ADDED from src/main/AndroidManifest.xml:11:22-65
application
ADDED from src/main/AndroidManifest.xml:13:5-156:19
MERGED from [com.facebook.android:facebook-android-sdk:4.6.0] AndroidManifest.xml:28:5-20
MERGED from [com.android.support:support-v4:22.2.1] AndroidManifest.xml:22:5-20
MERGED from [com.android.support:appcompat-v7:22.0.0] AndroidManifest.xml:22:5-20
MERGED from [com.android.support:support-v4:22.2.1] AndroidManifest.xml:22:5-20
	android:screenOrientation
		ADDED from src/main/AndroidManifest.xml:17:9-45
	android:label
		ADDED from src/main/AndroidManifest.xml:15:9-41
	android:allowBackup
		ADDED from src/main/AndroidManifest.xml:14:9-35
	android:theme
		ADDED from src/main/AndroidManifest.xml:16:9-79
activity#aisoai.screens.startscreen.StartActivity
ADDED from src/main/AndroidManifest.xml:19:9-28:20
	android:screenOrientation
		ADDED from src/main/AndroidManifest.xml:22:13-47
	android:label
		ADDED from src/main/AndroidManifest.xml:21:13-34
	android:name
		ADDED from src/main/AndroidManifest.xml:20:13-62
intent-filter#android.intent.action.MAIN+android.intent.category.LAUNCHER
ADDED from src/main/AndroidManifest.xml:23:13-26:29
action#android.intent.action.MAIN
ADDED from src/main/AndroidManifest.xml:24:17-69
	android:name
		ADDED from src/main/AndroidManifest.xml:24:25-66
category#android.intent.category.LAUNCHER
ADDED from src/main/AndroidManifest.xml:25:17-76
	android:name
		ADDED from src/main/AndroidManifest.xml:25:27-74
activity#aisoai.screens.signinscreen.SignInActivity
ADDED from src/main/AndroidManifest.xml:30:9-34:20
	android:screenOrientation
		ADDED from src/main/AndroidManifest.xml:33:13-47
	android:label
		ADDED from src/main/AndroidManifest.xml:32:13-35
	android:name
		ADDED from src/main/AndroidManifest.xml:31:13-64
activity#aisoai.screens.hometabscreen.homeprofilescreen.ProfileActivity
ADDED from src/main/AndroidManifest.xml:36:9-40:20
	android:screenOrientation
		ADDED from src/main/AndroidManifest.xml:39:13-47
	android:label
		ADDED from src/main/AndroidManifest.xml:38:13-41
	android:name
		ADDED from src/main/AndroidManifest.xml:37:13-84
activity#aisoai.screens.hometabscreen.roomlistscreen.RoomListActivity
ADDED from src/main/AndroidManifest.xml:42:9-46:20
	android:screenOrientation
		ADDED from src/main/AndroidManifest.xml:44:13-47
	android:label
		ADDED from src/main/AndroidManifest.xml:45:13-37
	android:name
		ADDED from src/main/AndroidManifest.xml:43:13-82
activity#aisoai.screens.hometabscreen.HomeTabActivity
ADDED from src/main/AndroidManifest.xml:48:9-52:20
	android:screenOrientation
		ADDED from src/main/AndroidManifest.xml:51:13-47
	android:label
		ADDED from src/main/AndroidManifest.xml:50:13-37
	android:name
		ADDED from src/main/AndroidManifest.xml:49:13-66
activity#aisoai.screens.insidetabscreen.InsideTabActivity
ADDED from src/main/AndroidManifest.xml:54:9-57:21
	android:screenOrientation
		ADDED from src/main/AndroidManifest.xml:56:13-47
	android:label
		ADDED from src/main/AndroidManifest.xml:55:13-39
	android:name
		ADDED from src/main/AndroidManifest.xml:54:19-76
activity#aisoai.screens.hometabscreen.friendtabcreen.FriendTabActivity
ADDED from src/main/AndroidManifest.xml:59:9-63:20
	android:screenOrientation
		ADDED from src/main/AndroidManifest.xml:62:13-47
	android:label
		ADDED from src/main/AndroidManifest.xml:61:13-39
	android:name
		ADDED from src/main/AndroidManifest.xml:60:13-83
activity#aisoai.screens.hometabscreen.friendtabcreen.friendlistscreen.FriendListActivity
ADDED from src/main/AndroidManifest.xml:65:9-69:20
	android:screenOrientation
		ADDED from src/main/AndroidManifest.xml:68:13-47
	android:label
		ADDED from src/main/AndroidManifest.xml:67:13-40
	android:name
		ADDED from src/main/AndroidManifest.xml:66:13-101
activity#aisoai.screens.hometabscreen.friendtabcreen.chatfriendscreen.ChatFriendActivity
ADDED from src/main/AndroidManifest.xml:71:9-75:20
	android:screenOrientation
		ADDED from src/main/AndroidManifest.xml:74:13-47
	android:label
		ADDED from src/main/AndroidManifest.xml:73:13-40
	android:name
		ADDED from src/main/AndroidManifest.xml:72:13-101
activity#aisoai.screens.hometabscreen.topuser.TopPlayerActivity
ADDED from src/main/AndroidManifest.xml:77:9-81:20
	android:screenOrientation
		ADDED from src/main/AndroidManifest.xml:80:13-47
	android:label
		ADDED from src/main/AndroidManifest.xml:79:13-37
	android:name
		ADDED from src/main/AndroidManifest.xml:78:13-76
activity#aisoai.screens.hometabscreen.settings.SettingsActivity
ADDED from src/main/AndroidManifest.xml:83:9-87:20
	android:screenOrientation
		ADDED from src/main/AndroidManifest.xml:86:13-47
	android:label
		ADDED from src/main/AndroidManifest.xml:85:13-37
	android:name
		ADDED from src/main/AndroidManifest.xml:84:13-76
activity#aisoai.screens.insidetabscreen.insideroomscreen.InsideRoomActivity
ADDED from src/main/AndroidManifest.xml:89:9-93:20
	android:screenOrientation
		ADDED from src/main/AndroidManifest.xml:92:13-47
	android:label
		ADDED from src/main/AndroidManifest.xml:91:13-39
	android:name
		ADDED from src/main/AndroidManifest.xml:90:13-88
activity#aisoai.screens.insidetabscreen.chatroomscreen.ChatRoomActivity
ADDED from src/main/AndroidManifest.xml:95:9-106:21
	android:screenOrientation
		ADDED from src/main/AndroidManifest.xml:98:13-47
	android:label
		ADDED from src/main/AndroidManifest.xml:97:13-38
	android:name
		ADDED from src/main/AndroidManifest.xml:96:13-84
intent-filter#android.intent.action.PICK+android.intent.category.DEFAULT+com.facebook.orca.category.PLATFORM_THREAD_20150314
ADDED from src/main/AndroidManifest.xml:100:13-104:29
action#android.intent.action.PICK
ADDED from src/main/AndroidManifest.xml:101:17-68
	android:name
		ADDED from src/main/AndroidManifest.xml:101:25-66
category#android.intent.category.DEFAULT
ADDED from src/main/AndroidManifest.xml:102:17-76
	android:name
		ADDED from src/main/AndroidManifest.xml:102:27-73
category#com.facebook.orca.category.PLATFORM_THREAD_20150314
ADDED from src/main/AndroidManifest.xml:103:17-96
	android:name
		ADDED from src/main/AndroidManifest.xml:103:27-93
activity#aisoai.screens.gamescreeens.findpokemongame.FindPokemonGameActivity
ADDED from src/main/AndroidManifest.xml:108:9-112:20
	android:screenOrientation
		ADDED from src/main/AndroidManifest.xml:111:13-47
	android:label
		ADDED from src/main/AndroidManifest.xml:110:13-46
	android:name
		ADDED from src/main/AndroidManifest.xml:109:13-89
activity#aisoai.screens.gamescreeens.doublepokemongame.DoublePokemonGameActivity
ADDED from src/main/AndroidManifest.xml:114:9-118:20
	android:screenOrientation
		ADDED from src/main/AndroidManifest.xml:117:13-47
	android:label
		ADDED from src/main/AndroidManifest.xml:116:13-48
	android:name
		ADDED from src/main/AndroidManifest.xml:115:13-93
activity#aisoai.screens.gamescreeens.snakehuntinggame.SnakeHuntingGameActivity
ADDED from src/main/AndroidManifest.xml:120:9-124:20
	android:screenOrientation
		ADDED from src/main/AndroidManifest.xml:123:13-47
	android:label
		ADDED from src/main/AndroidManifest.xml:122:13-44
	android:name
		ADDED from src/main/AndroidManifest.xml:121:13-91
activity#aisoai.screens.gamescreeens.tetrisgame.TetrisGameActivity
ADDED from src/main/AndroidManifest.xml:126:9-130:20
	android:screenOrientation
		ADDED from src/main/AndroidManifest.xml:129:13-47
	android:label
		ADDED from src/main/AndroidManifest.xml:128:13-40
	android:name
		ADDED from src/main/AndroidManifest.xml:127:13-79
activity#aisoai.screens.gamescreeens.carogame.CaronGameActivity
ADDED from src/main/AndroidManifest.xml:132:9-136:20
	android:screenOrientation
		ADDED from src/main/AndroidManifest.xml:135:13-47
	android:label
		ADDED from src/main/AndroidManifest.xml:134:13-38
	android:name
		ADDED from src/main/AndroidManifest.xml:133:13-76
activity#aisoai.screens.scoringscreen.scoringcaro.ScoringCaroActivity
ADDED from src/main/AndroidManifest.xml:138:9-142:20
	android:screenOrientation
		ADDED from src/main/AndroidManifest.xml:141:13-47
	android:label
		ADDED from src/main/AndroidManifest.xml:140:13-46
	android:name
		ADDED from src/main/AndroidManifest.xml:139:13-82
activity#aisoai.screens.scoringscreen.scoringvsgame.ScoringVsGameActivity
ADDED from src/main/AndroidManifest.xml:144:9-148:20
	android:screenOrientation
		ADDED from src/main/AndroidManifest.xml:147:13-47
	android:label
		ADDED from src/main/AndroidManifest.xml:146:13-44
	android:name
		ADDED from src/main/AndroidManifest.xml:145:13-86
activity#com.facebook.FacebookActivity
ADDED from src/main/AndroidManifest.xml:150:9-154:48
	android:label
		ADDED from src/main/AndroidManifest.xml:154:13-45
	android:configChanges
		ADDED from src/main/AndroidManifest.xml:151:13-114
	android:theme
		ADDED from src/main/AndroidManifest.xml:153:13-72
	android:name
		ADDED from src/main/AndroidManifest.xml:150:19-63
meta-data#com.facebook.sdk.ApplicationId
ADDED from src/main/AndroidManifest.xml:155:9-107
	android:value
		ADDED from src/main/AndroidManifest.xml:155:66-105
	android:name
		ADDED from src/main/AndroidManifest.xml:155:20-65